2025-08-24 08:06:17,689 - server - INFO - Initializing Telegram Automation Service...
2025-08-24 08:06:17,690 - config_manager - INFO - Configuration loaded from /app/config.json
2025-08-24 08:06:17,690 - server - INFO - Services initialized successfully
2025-08-24 08:07:00,594 - server - INFO - Services shutdown completed
2025-08-24 08:07:03,055 - server - INFO - Initializing Telegram Automation Service...
2025-08-24 08:07:03,055 - config_manager - INFO - Configuration loaded from /app/config.json
2025-08-24 08:07:03,056 - server - INFO - Services initialized successfully
2025-08-24 08:08:46,743 - telegram_service - ERROR - Telegram API credentials not configured
2025-08-24 08:08:46,743 - server - ERROR - Error requesting verification code: 400: Failed to send verification code
2025-08-24 08:08:46,795 - server - ERROR - Error verifying code: 400: No pending verification
2025-08-24 08:08:46,846 - server - ERROR - Error verifying 2FA: 400: Invalid 2FA password
2025-08-24 08:08:46,951 - telegram_service - INFO - Added template: test_template_001
2025-08-24 08:08:47,061 - config_manager - INFO - Configuration saved to /app/config.json
2025-08-24 08:08:47,061 - config_manager - INFO - Configuration updated
2025-08-24 08:08:47,167 - blacklist_manager - WARNING - Added https://t.me/test_group_123 to permanent blacklist: Test blacklist entry
2025-08-24 08:09:00,416 - telegram_service - ERROR - Telegram API credentials not configured
2025-08-24 08:09:00,416 - server - ERROR - Error requesting verification code: 400: Failed to send verification code
2025-08-24 08:09:00,470 - server - ERROR - Error verifying code: 400: No pending verification
2025-08-24 08:09:00,522 - server - ERROR - Error verifying 2FA: 400: Invalid 2FA password
2025-08-24 08:09:00,621 - telegram_service - INFO - Added template: test_template_001
2025-08-24 08:09:00,725 - config_manager - INFO - Configuration saved to /app/config.json
2025-08-24 08:09:00,725 - config_manager - INFO - Configuration updated
2025-08-24 08:09:00,826 - blacklist_manager - WARNING - Added https://t.me/test_group_123 to permanent blacklist: Test blacklist entry
2025-08-24 08:09:29,388 - telegram_service - ERROR - Telegram API credentials not configured
2025-08-24 08:09:29,389 - server - ERROR - Error requesting verification code: 400: Failed to send verification code
2025-08-24 08:09:29,436 - server - ERROR - Error verifying code: 400: No pending verification
2025-08-24 08:09:29,483 - server - ERROR - Error verifying 2FA: 400: Invalid 2FA password
2025-08-24 08:09:29,586 - telegram_service - INFO - Added template: test_template_001
2025-08-24 08:09:29,687 - config_manager - INFO - Configuration saved to /app/config.json
2025-08-24 08:09:29,687 - config_manager - INFO - Configuration updated
2025-08-24 08:09:29,785 - blacklist_manager - WARNING - Added https://t.me/test_group_123 to permanent blacklist: Test blacklist entry
2025-08-24 08:09:52,720 - telegram_service - ERROR - Telegram API credentials not configured
2025-08-24 08:09:52,720 - server - ERROR - Error requesting verification code: 400: Failed to send verification code
2025-08-24 08:16:40,300 - telegram_service - ERROR - Telegram API credentials not configured
2025-08-24 08:16:40,300 - server - ERROR - Error requesting verification code: 400: Failed to send verification code
2025-08-24 09:59:48,747 - server - INFO - Initializing Telegram Automation Service...
2025-08-24 09:59:48,748 - config_manager - INFO - Configuration loaded from /app/config.json
2025-08-24 09:59:48,748 - server - INFO - Services initialized successfully
2025-08-24 09:59:48,750 - blacklist_manager - INFO - Loaded 1 permanently blacklisted groups
2025-08-25 00:27:13,559 - server - INFO - Initializing Telegram Automation Service...
2025-08-25 00:27:13,561 - config_manager - INFO - Configuration loaded from /app/config.json
2025-08-25 00:27:13,561 - server - INFO - Services initialized successfully
2025-08-25 00:27:13,563 - blacklist_manager - INFO - Loaded 1 permanently blacklisted groups
